{
  "stats": {
    "suites": 1,
    "tests": 1,
    "passes": 0,
    "pending": 0,
    "failures": 1,
    "start": "2023-02-12T14:39:13.361Z",
    "end": "2023-02-12T14:40:17.336Z",
    "duration": 63975,
    "testsRegistered": 1,
    "passPercent": 0,
    "pendingPercent": 0,
    "other": 0,
    "hasOther": false,
    "skipped": 0,
    "hasSkipped": false
  },
  "results": [
    {
      "uuid": "b4f71bb2-ea0e-4873-8d9e-ffcb7e3988d6",
      "title": "",
      "fullFile": "cypress\\integration\\Testcases\\AddSnivel7.js",
      "file": "cypress\\integration\\Testcases\\AddSnivel7.js",
      "beforeHooks": [],
      "afterHooks": [],
      "tests": [],
      "suites": [
        {
          "uuid": "461eef18-adac-49dd-9d06-2c6a75150a70",
          "title": "Login",
          "fullFile": "",
          "file": "",
          "beforeHooks": [],
          "afterHooks": [],
          "tests": [
            {
              "title": "Add Snivel",
              "fullTitle": "Login Add Snivel",
              "timedOut": null,
              "duration": 30764,
              "state": "failed",
              "speed": null,
              "pass": false,
              "fail": true,
              "pending": false,
              "context": null,
              "code": "navBar.navigateToResourcesPage().click();\n//debugger\n//cy.pause()\nresourcesPage.newBttn().click();\nresourcesPage.snivelSel().click();\nresourcesPage.peopleSel().click().type(\"A\").get(peopleList).contains(peopleList, this.data.peopleListItemName).click();\n// resourcesPage.peopleSel().type('{enter}').type('{enter}')\n//resourcesPage.peopleSel().click()\n//.type('{enter}')\nresourcesPage.assignBttn().click();\n//cy.contains('Save').click()\ncy.contains('Cancel').click();",
              "err": {
                "message": "AssertionError: Timed out retrying after 20000ms: Expected to find content: 'ALFANO' within the element: <span> and with the selector: 'li > a > span' but never did.",
                "estack": "AssertionError: Timed out retrying after 20000ms: Expected to find content: 'ALFANO' within the element: <span> and with the selector: 'li > a > span' but never did.\n    at Context.eval (webpack:///./cypress/integration/Testcases/AddSnivel7.js:53:3)",
                "diff": null
              },
              "uuid": "e3018f21-2b67-4f56-8f41-ba441e3569ba",
              "parentUUID": "461eef18-adac-49dd-9d06-2c6a75150a70",
              "isHook": false,
              "skipped": false
            }
          ],
          "suites": [],
          "passes": [],
          "failures": [
            "e3018f21-2b67-4f56-8f41-ba441e3569ba"
          ],
          "pending": [],
          "skipped": [],
          "duration": 30764,
          "root": false,
          "rootEmpty": false,
          "_timeout": 2000
        }
      ],
      "passes": [],
      "failures": [],
      "pending": [],
      "skipped": [],
      "duration": 0,
      "root": true,
      "rootEmpty": true,
      "_timeout": 2000
    }
  ],
  "meta": {
    "mocha": {
      "version": "7.0.1"
    },
    "mochawesome": {
      "options": {
        "quiet": false,
        "reportFilename": "mochawesome",
        "saveHtml": false,
        "saveJson": true,
        "consoleReporter": "spec",
        "useInlineDiffs": false,
        "code": true
      },
      "version": "7.1.3"
    },
    "marge": {
      "options": {
        "charts": true,
        "overwrite": false,
        "html": false,
        "json": true,
        "reportDir": "cypress/reports"
      },
      "version": "6.2.0"
    }
  }
}