{
  "stats": {
    "suites": 1,
    "tests": 1,
    "passes": 0,
    "pending": 0,
    "failures": 1,
    "start": "2023-02-12T14:34:05.360Z",
    "end": "2023-02-12T14:35:12.786Z",
    "duration": 67426,
    "testsRegistered": 1,
    "passPercent": 0,
    "pendingPercent": 0,
    "other": 0,
    "hasOther": false,
    "skipped": 0,
    "hasSkipped": false
  },
  "results": [
    {
      "uuid": "20ccb034-84ea-4155-86ec-51193ca23241",
      "title": "",
      "fullFile": "cypress\\integration\\Testcases\\AddSnivel3.js",
      "file": "cypress\\integration\\Testcases\\AddSnivel3.js",
      "beforeHooks": [],
      "afterHooks": [],
      "tests": [],
      "suites": [
        {
          "uuid": "09ef1234-6b1d-4294-b19c-accb459b8f1f",
          "title": "Login",
          "fullFile": "",
          "file": "",
          "beforeHooks": [],
          "afterHooks": [],
          "tests": [
            {
              "title": "Add Snivel",
              "fullTitle": "Login Add Snivel",
              "timedOut": null,
              "duration": 32776,
              "state": "failed",
              "speed": null,
              "pass": false,
              "fail": true,
              "pending": false,
              "context": null,
              "code": "navBar.navigateToResourcesPage().click();\n//debugger\n//cy.pause()\nresourcesPage.newBttn().click();\nresourcesPage.snivelSel().click();\nresourcesPage.peopleSel().click().type(\"A\").get(peopleList).contains(peopleList, this.data.peopleListItemName).click();\n// resourcesPage.peopleSel().type('{enter}').type('{enter}')\n//resourcesPage.peopleSel().click()\n//.type('{enter}')\nresourcesPage.assignBttn().click();\n//cy.contains('Save').click()\ncy.contains('Cancel').click();",
              "err": {
                "message": "AssertionError: Timed out retrying after 20000ms: Expected to find content: 'ALFANO' within the element: <span> and with the selector: 'li > a > span' but never did.",
                "estack": "AssertionError: Timed out retrying after 20000ms: Expected to find content: 'ALFANO' within the element: <span> and with the selector: 'li > a > span' but never did.\n    at Context.eval (webpack:///./cypress/integration/Testcases/AddSnivel3.js:53:3)",
                "diff": null
              },
              "uuid": "ba4aed3b-42b4-45e1-b0af-43da1dac6eda",
              "parentUUID": "09ef1234-6b1d-4294-b19c-accb459b8f1f",
              "isHook": false,
              "skipped": false
            }
          ],
          "suites": [],
          "passes": [],
          "failures": [
            "ba4aed3b-42b4-45e1-b0af-43da1dac6eda"
          ],
          "pending": [],
          "skipped": [],
          "duration": 32776,
          "root": false,
          "rootEmpty": false,
          "_timeout": 2000
        }
      ],
      "passes": [],
      "failures": [],
      "pending": [],
      "skipped": [],
      "duration": 0,
      "root": true,
      "rootEmpty": true,
      "_timeout": 2000
    }
  ],
  "meta": {
    "mocha": {
      "version": "7.0.1"
    },
    "mochawesome": {
      "options": {
        "quiet": false,
        "reportFilename": "mochawesome",
        "saveHtml": false,
        "saveJson": true,
        "consoleReporter": "spec",
        "useInlineDiffs": false,
        "code": true
      },
      "version": "7.1.3"
    },
    "marge": {
      "options": {
        "charts": true,
        "overwrite": false,
        "html": false,
        "json": true,
        "reportDir": "cypress/reports"
      },
      "version": "6.2.0"
    }
  }
}