<?xml version="1.0" encoding="UTF-8"?>
<testsuites name="Mocha Tests" time="94.842" tests="1" failures="1">
  <testsuite name="Root Suite" timestamp="2023-02-19T02:55:52" tests="0" file="cypress\integration\Testcases\AddSnivel1.js" time="0.000" failures="0">
  </testsuite>
  <testsuite name="Login" timestamp="2023-02-19T02:55:52" tests="1" time="94.811" failures="1">
    <testcase name="Login Add Snivel" time="54.496" classname="Add Snivel">
      <failure message="Timed out retrying after 20000ms: Expected to find content: &apos;Acosta&apos; within the element: &lt;span&gt; and with the selector: &apos;li &gt; a &gt; span&apos; but never did." type="AssertionError"><![CDATA[AssertionError: Timed out retrying after 20000ms: Expected to find content: 'Acosta' within the element: <span> and with the selector: 'li > a > span' but never did.
    at Context.eval (webpack:///./cypress/integration/Testcases/AddSnivel1.js:60:3)]]></failure>
    </testcase>
  </testsuite>
</testsuites>